<?xml version="1.0" encoding="UTF-8"?>
<testng-results ignored="0" total="1" passed="1" failed="0" skipped="0">
  <reporter-output>
  </reporter-output>
  <suite started-at="2024-05-05T16:33:26 IST" name="Default suite" finished-at="2024-05-05T16:33:34 IST" duration-ms="8523">
    <groups>
    </groups>
    <test started-at="2024-05-05T16:33:26 IST" name="Default test" finished-at="2024-05-05T16:33:34 IST" duration-ms="8523">
      <class name="testpackage.TestCase2">
        <test-method is-config="true" signature="browserlaunch()[pri:0, instance:testpackage.TestCase2@192d43ce]" started-at="2024-05-05T16:33:26 IST" name="browserlaunch" finished-at="2024-05-05T16:33:34 IST" duration-ms="8095" status="PASS">
          <reporter-output>
          </reporter-output>
        </test-method> <!-- browserlaunch -->
        <test-method signature="Logindetails()[pri:0, instance:testpackage.TestCase2@192d43ce]" started-at="2024-05-05T16:33:34 IST" name="Logindetails" finished-at="2024-05-05T16:33:34 IST" duration-ms="395" status="PASS">
          <reporter-output>
          </reporter-output>
        </test-method> <!-- Logindetails -->
      </class> <!-- testpackage.TestCase2 -->
    </test> <!-- Default test -->
  </suite> <!-- Default suite -->
</testng-results>
